2 588 1275 416
3 354 1114 440
4 420 1090 416
5 328 1061 408
6 354 1096 376
7 260 1098 409
8 292 1091 465
9 274 1111 380
10 292 1010 503
11 300 1047 423
12 315 1080 388
13 320 1101 424
14 348 1037 434
15 417 1156 437
16 365 1063 311
17 398 1163 427
18 395 1021 382
19 382 1006 404
20 479 1065 326
21 433 1064 409
22 437 1056 477
23 455 1063 486
24 459 1051 333
25 542 1077 380
26 479 1016 418
27 565 1070 458
28 576 1057 376
29 528 1026 384
30 531 1008 472
31 538 1084 415
32 561 1038 423
33 612 1078 441
34 608 1045 468
35 638 1005 436
36 638 1021 353
37 702 1003 416
38 682 1104 531
39 641 1003 403
40 700 1006 461
41 653 968 465
42 664 1015 431
43 703 1000 397
44 702 1097 444
45 694 968 386
46 721 1049 437
47 719 1060 397
48 783 1083 418
49 759 1074 449
50 776 1023 439
51 849 1032 350
52 771 1054 431
53 897 1023 343
54 795 1055 404
55 830 997 442
56 897 1067 469
57 958 1002 389
58 946 1033 372
59 912 1000 362
60 913 1054 434
61 989 1050 333
62 972 1129 425
63 930 1040 405
64 920 1153 477
65 919 1064 512
66 1045 1077 415
67 953 1042 412
68 1002 964 481
69 1015 1043 333
70 1048 1106 500
71 1051 999 420
72 1056 958 400
73 1060 983 359
74 1074 1011 493
75 1063 1039 385
76 1085 1045 408
77 1107 991 367
78 1185 991 366
79 1167 1063 421
80 1104 1021 461
81 1148 937 387
82 1152 1024 385
83 1198 962 402
84 1193 991 477
85 1199 936 366
86 1188 981 343
87 1192 996 350
88 1252 1073 528
89 1278 935 467
90 1320 959 397
91 1294 1047 448
92 1254 1137 474
